<?xml version="1.0" encoding="UTF-8"?>
<testng-results ignored="0" total="1" passed="1" failed="0" skipped="0">
  <reporter-output>
  </reporter-output>
  <suite started-at="2022-12-16T03:49:39Z" name="Suite" finished-at="2022-12-16T03:49:49Z" duration-ms="9905">
    <groups>
    </groups>
    <test started-at="2022-12-16T03:49:39Z" name="Test" finished-at="2022-12-16T03:49:49Z" duration-ms="9905">
      <class name="com.simplilearn.Phase3Assignment.EndToEndTest">
        <test-method is-config="true" signature="setUp()[pri:0, instance:com.simplilearn.Phase3Assignment.EndToEndTest@31920ade]" started-at="2022-12-16T03:49:39Z" name="setUp" finished-at="2022-12-16T03:49:39Z" duration-ms="554" status="PASS">
          <reporter-output>
          </reporter-output>
        </test-method> <!-- setUp -->
        <test-method is-config="true" signature="setUp()[pri:0, instance:com.simplilearn.Phase3Assignment.EndToEndTest@31920ade]" started-at="2022-12-16T03:49:39Z" name="setUp" finished-at="2022-12-16T03:49:39Z" duration-ms="0" status="PASS">
          <reporter-output>
          </reporter-output>
        </test-method> <!-- setUp -->
        <test-method signature="endToEndTest()[pri:0, instance:com.simplilearn.Phase3Assignment.EndToEndTest@31920ade]" started-at="2022-12-16T03:49:39Z" name="endToEndTest" finished-at="2022-12-16T03:49:49Z" duration-ms="9337" status="PASS">
          <reporter-output>
          </reporter-output>
        </test-method> <!-- endToEndTest -->
      </class> <!-- com.simplilearn.Phase3Assignment.EndToEndTest -->
    </test> <!-- Test -->
  </suite> <!-- Suite -->
</testng-results>
