<?xml version="1.0" encoding="UTF-8"?>
<testsuite xmlns:xsi="http://www.w3.org/2001/XMLSchema-instance" xsi:noNamespaceSchemaLocation="https://maven.apache.org/surefire/maven-surefire-plugin/xsd/surefire-test-report-3.0.xsd" version="3.0" name="TestSuite" time="10.885" tests="1" errors="0" skipped="0" failures="0">
  <properties>
[...]
</properties>
  <testcase name="endToEndTest" classname="com.simplilearn.Phase3Assignment.EndToEndTest" time="9.338">
    <system-out><![CDATA[[TestNGContentHandler] [WARN] It is strongly recommended to add "<!DOCTYPE suite SYSTEM "http://testng.org/testng-1.0.dtd" >" at the top of your file, otherwise TestNG may fail or not work as expected.
Get All Employees
 Validating status code 200
Creating new Employee 
 Validating status code 201
 Employee with Id : 10 created Successfully
{
  "name": "John",
  "salary": 8000,
  "id": 10
}
Get Single Employee with ID 10
 Validating status code 200
 Name of Employee to Verify : John
Updating the employee name with ID 10
 Validating status code 200
Get Single Employee with ID 10
 Validating status code 200
 Name of Employee to Verify : Smith
Deleting the employee with ID 10
 Validating status code 200
Get Single Employee with ID 10
 Validating status code 404
Get All Employees
 Validating data does not contain the deleted employee
****End To End Test Completed****
]]></system-out>
  </testcase>
</testsuite>